GROUP,PACKAGE,CLASS,INSTRUCTION_MISSED,INSTRUCTION_COVERED,BRANCH_MISSED,BRANCH_COVERED,LINE_MISSED,LINE_COVERED,COMPLEXITY_MISSED,COMPLEXITY_COVERED,METHOD_MISSED,METHOD_COVERED
config,com.quorum.tessera.config,ObjectFactory,0,18,0,0,0,4,0,3,0,3
config,com.quorum.tessera.config,KeyData,0,54,0,4,0,14,0,10,0,8
config,com.quorum.tessera.config,InfluxConfig,0,35,0,0,0,11,0,6,0,6
config,com.quorum.tessera.config,SslTrustMode,0,54,0,0,0,2,0,1,0,1
config,com.quorum.tessera.config,JaxbConfigFactory,0,79,1,1,0,21,1,4,0,4
config,com.quorum.tessera.config,SslAuthenticationMode,0,24,0,0,0,2,0,1,0,1
config,com.quorum.tessera.config,PrivateKeyType,0,24,0,0,0,2,0,1,0,1
config,com.quorum.tessera.config,ServerConfig,0,70,0,4,0,15,0,10,0,8
config,com.quorum.tessera.config,PrivateKeyData,0,49,0,0,0,15,0,8,0,8
config,com.quorum.tessera.config,Config,0,59,0,0,0,19,0,10,0,10
config,com.quorum.tessera.config,ConfigItem,0,22,0,0,0,5,0,4,0,4
config,com.quorum.tessera.config,ConfigFactory,0,6,0,0,0,1,0,1,0,1
config,com.quorum.tessera.config,SslConfig,0,150,0,0,0,45,0,23,0,23
config,com.quorum.tessera.config,ArgonOptions,0,42,0,0,0,13,0,7,0,7
config,com.quorum.tessera.config,Peer,0,17,0,0,0,7,0,4,0,4
config,com.quorum.tessera.config,KeyDataConfig,0,45,0,0,0,13,0,10,0,10
config,com.quorum.tessera.config,ConfigException,0,4,0,0,0,2,0,1,0,1
config,com.quorum.tessera.config,KeyConfiguration,0,28,0,0,0,9,0,5,0,5
config,com.quorum.tessera.config,ServiceLoaderUtil,0,13,0,2,0,4,0,2,0,1
config,com.quorum.tessera.config,JdbcConfig,0,35,0,0,0,12,0,7,0,7
config,com.quorum.tessera.config,ConfigItem.new ReflectionToStringBuilder() {...},0,22,0,4,0,2,0,4,0,2
config,com.quorum.tessera.config.adapters,KeyDataAdapter,0,249,2,20,0,58,2,17,0,8
config,com.quorum.tessera.config.adapters,PrivateKeyTypeAdapter.new HashMap() {...},0,13,0,0,0,4,0,1,0,1
config,com.quorum.tessera.config.adapters,PrivateKeyTypeAdapter,0,34,0,2,0,10,0,6,0,5
config,com.quorum.tessera.config.adapters,KeyConfigurationAdapter,0,176,0,14,0,46,0,13,0,6
config,com.quorum.tessera.config.adapters,KeyAdapter,0,13,0,0,0,3,0,3,0,3
config,com.quorum.tessera.config.adapters,PathAdapter,0,20,0,4,0,3,0,5,0,3
config,com.quorum.tessera.config.constraints,SslConfigValidator,0,284,3,83,0,79,3,51,0,11
config,com.quorum.tessera.config.constraints,PathValidator,0,90,0,10,0,22,0,10,0,5
config,com.quorum.tessera.config.constraints,KeyDataValidator,0,108,2,14,0,28,2,10,0,4
config,com.quorum.tessera.config.keys,DefaultKeyGeneratorFactory,0,15,0,0,0,5,0,2,0,2
config,com.quorum.tessera.config.keys,KeyGeneratorImpl,0,276,0,8,0,57,0,11,0,7
config,com.quorum.tessera.config.keys,KeyEncryptorImpl,0,221,0,2,0,49,0,5,0,4
config,com.quorum.tessera.config.keys,KeyEncryptorFactory,0,11,0,0,0,3,0,1,0,1
config,com.quorum.tessera.config.keys,KeyGeneratorFactory,0,8,0,0,0,1,0,1,0,1
config,com.quorum.tessera.config.util,JaxbUtil,0,227,0,2,0,48,0,10,0,9
config,com.quorum.tessera.config.util,JdbcDriverClassName.new JdbcDriverClassName() {...},0,8,0,0,0,2,0,2,0,2
config,com.quorum.tessera.config.util,JdbcDriverClassName.new JdbcDriverClassName() {...},0,8,0,0,0,2,0,2,0,2
config,com.quorum.tessera.config.util,JdbcDriverClassName,0,51,0,4,0,9,0,4,0,2
config,com.quorum.tessera.config.util,FilesDelegate,0,32,0,0,0,4,0,6,0,6
config,com.quorum.tessera.config.util,FilesDelegate.new FilesDelegate() {...},0,3,0,0,0,1,0,1,0,1
config,com.quorum.tessera.config.util,PasswordReader,9,19,1,1,2,6,1,2,0,2
config,com.quorum.tessera.config.util,JdbcDriverClassName.new JdbcDriverClassName() {...},0,8,0,0,0,2,0,2,0,2
config,com.quorum.tessera.config.util,IOCallback,0,17,0,0,0,5,0,2,0,2
